0 info it worked if it ends with ok
1 verbose cli [ '/usr/local/bin/node',
1 verbose cli   '/usr/local/bin/npm',
1 verbose cli   'run',
1 verbose cli   'protractor' ]
2 info using npm@4.1.2
3 info using node@v7.6.0
4 verbose run-script [ 'preprotractor', 'protractor', 'postprotractor' ]
5 info lifecycle angular-library@0.0.0~preprotractor: angular-library@0.0.0
6 verbose lifecycle angular-library@0.0.0~preprotractor: unsafe-perm in lifecycle true
7 verbose lifecycle angular-library@0.0.0~preprotractor: PATH: /usr/local/lib/node_modules/npm/bin/node-gyp-bin:/home/emilie/Documents/AngularJS/angular-library/node_modules/.bin:/usr/local/sbin:/usr/local/bin:/usr/sbin:/usr/bin:/sbin:/bin:/snap/bin
8 verbose lifecycle angular-library@0.0.0~preprotractor: CWD: /home/emilie/Documents/AngularJS/angular-library
9 silly lifecycle angular-library@0.0.0~preprotractor: Args: [ '-c', 'npm run update-webdriver' ]
10 silly lifecycle angular-library@0.0.0~preprotractor: Returned: code: 0  signal: null
11 info lifecycle angular-library@0.0.0~protractor: angular-library@0.0.0
12 verbose lifecycle angular-library@0.0.0~protractor: unsafe-perm in lifecycle true
13 verbose lifecycle angular-library@0.0.0~protractor: PATH: /usr/local/lib/node_modules/npm/bin/node-gyp-bin:/home/emilie/Documents/AngularJS/angular-library/node_modules/.bin:/usr/local/sbin:/usr/local/bin:/usr/sbin:/usr/bin:/sbin:/bin:/snap/bin
14 verbose lifecycle angular-library@0.0.0~protractor: CWD: /home/emilie/Documents/AngularJS/angular-library
15 silly lifecycle angular-library@0.0.0~protractor: Args: [ '-c', 'protractor e2e-tests/protractor.conf.js' ]
16 silly lifecycle angular-library@0.0.0~protractor: Returned: code: 100  signal: null
17 info lifecycle angular-library@0.0.0~protractor: Failed to exec protractor script
18 verbose stack Error: angular-library@0.0.0 protractor: `protractor e2e-tests/protractor.conf.js`
18 verbose stack Exit status 100
18 verbose stack     at EventEmitter.<anonymous> (/usr/local/lib/node_modules/npm/lib/utils/lifecycle.js:279:16)
18 verbose stack     at emitTwo (events.js:106:13)
18 verbose stack     at EventEmitter.emit (events.js:192:7)
18 verbose stack     at ChildProcess.<anonymous> (/usr/local/lib/node_modules/npm/lib/utils/spawn.js:40:14)
18 verbose stack     at emitTwo (events.js:106:13)
18 verbose stack     at ChildProcess.emit (events.js:192:7)
18 verbose stack     at maybeClose (internal/child_process.js:890:16)
18 verbose stack     at Process.ChildProcess._handle.onexit (internal/child_process.js:226:5)
19 verbose pkgid angular-library@0.0.0
20 verbose cwd /home/emilie/Documents/AngularJS/angular-library
21 error Linux 4.13.0-45-generic
22 error argv "/usr/local/bin/node" "/usr/local/bin/npm" "run" "protractor"
23 error node v7.6.0
24 error npm  v4.1.2
25 error code ELIFECYCLE
26 error angular-library@0.0.0 protractor: `protractor e2e-tests/protractor.conf.js`
26 error Exit status 100
27 error Failed at the angular-library@0.0.0 protractor script 'protractor e2e-tests/protractor.conf.js'.
27 error Make sure you have the latest version of node.js and npm installed.
27 error If you do, this is most likely a problem with the angular-library package,
27 error not with npm itself.
27 error Tell the author that this fails on your system:
27 error     protractor e2e-tests/protractor.conf.js
27 error You can get information on how to open an issue for this project with:
27 error     npm bugs angular-library
27 error Or if that isn't available, you can get their info via:
27 error     npm owner ls angular-library
27 error There is likely additional logging output above.
28 verbose exit [ 1, true ]
